<?xml version="1.0" encoding="UTF-8"?>
<testsuite xmlns:xsi="http://www.w3.org/2001/XMLSchema-instance" xsi:noNamespaceSchemaLocation="https://maven.apache.org/surefire/maven-surefire-plugin/xsd/surefire-test-report-3.0.xsd" version="3.0" name="cucumberOptions.TestRunner" time="44.475" tests="2" errors="0" skipped="0" failures="1">
  <properties>
[...]
</properties>
  <testcase name="runScenario[&quot;Scenario 1 - Verify the DSL Calculator&quot;, &quot;Calculate Privathaftpflicht for a User and recommend options&quot;](1)" classname="cucumberOptions.TestRunner" time="22.562">
    <system-out><![CDATA[
@Scenario1
Scenario Outline: Scenario 1 - Verify the DSL Calculator                                        # src/test/resources/features/privathaftpflichtCalc.feature:18
Cookie consent accepted.
  Given that I can open verivox de                                                              # stepDefinitions.DSLCalcStepdefinitions.that_i_can_open_verivox_de()
Navigated to Versicherungen page.
  When I navigate to Versicherungen and select Privathaftpflicht                                # stepDefinitions.HomePageStepDefinitions.i_navigate_to_versicherungen_and_select_privathaftpflicht(java.lang.String,java.lang.String)
  And I enter my Age 30 and Family TypeSingle ohne Kinder                                       # stepDefinitions.DSLCalcStepdefinitions.i_enter_my_age_and_family_type_single_ohne_kinder(java.lang.String,java.lang.String)
Jetzt vergleichen
  Then I go to the Privathaftpflicht personal information page by clicking on Jetzt vergleichen # stepDefinitions.DSLCalcStepdefinitions.i_go_to_the_privathaftpflicht_personal_information_page(java.lang.String)
  And I enter my Date of Birth01.01.1990                                                        # stepDefinitions.DSLCalcStepdefinitions.i_enter_my_birth_date(java.lang.String)
  And I enter my Zip Code13088                                                                  # stepDefinitions.DSLCalcStepdefinitions.i_enter_my_zip_code_use(java.lang.String)
  And I click the Jetzt vergleichen Jetzt vergleichen                                           # stepDefinitions.DSLCalcStepdefinitions.i_click_the_jetzt_vergleichen_button(java.lang.String)
21
  And I should see a page that lists the available tariffs for my selection                     # stepDefinitions.ComparisonPageStepDefinitions.i_should_see_a_page_that_lists_the_available_tariffs_for_my_selection()
]]></system-out>
    <system-err><![CDATA[SLF4J: Failed to load class "org.slf4j.impl.StaticLoggerBinder".
SLF4J: Defaulting to no-operation (NOP) logger implementation
SLF4J: See http://www.slf4j.org/codes.html#StaticLoggerBinder for further details.
]]></system-err>
  </testcase>
  <testcase name="runScenario[&quot;Scenario-2 - Load multiple tariff result pages&quot;, &quot;Calculate Privathaftpflicht for a User and recommend options&quot;](2)" classname="cucumberOptions.TestRunner" time="20.865">
    <failure message="no such element: Unable to locate element: {&quot;method&quot;:&quot;xpath&quot;,&quot;selector&quot;:&quot;//a[@class=&apos;button load-more-button&apos;]&quot;}&#10;  (Session info: chrome=128.0.6613.121)&#10;For documentation on this error, please visit: https://www.selenium.dev/documentation/webdriver/troubleshooting/errors#no-such-element-exception&#10;Build info: version: &apos;4.24.0&apos;, revision: &apos;748ffc9bc3&apos;&#10;System info: os.name: &apos;Mac OS X&apos;, os.arch: &apos;aarch64&apos;, os.version: &apos;14.6.1&apos;, java.version: &apos;22&apos;&#10;Driver info: org.openqa.selenium.chrome.ChromeDriver&#10;Command: [7737e72820d4968933efa01cd54d98f6, findElement {using=xpath, value=//a[@class=&apos;button load-more-button&apos;]}]&#10;Capabilities {acceptInsecureCerts: false, browserName: chrome, browserVersion: 128.0.6613.121, chrome: {chromedriverVersion: 128.0.6613.137 (fe621c5aa2d..., userDataDir: /var/folders/5_/p3w22_x50fn...}, fedcm:accounts: true, goog:chromeOptions: {debuggerAddress: localhost:49673}, networkConnectionEnabled: false, pageLoadStrategy: normal, platformName: mac, proxy: Proxy(), se:cdp: ws://localhost:49673/devtoo..., se:cdpVersion: 128.0.6613.121, setWindowRect: true, strictFileInteractability: false, timeouts: {implicit: 0, pageLoad: 300000, script: 30000}, unhandledPromptBehavior: dismiss and notify, webauthn:extension:credBlob: true, webauthn:extension:largeBlob: true, webauthn:extension:minPinLength: true, webauthn:extension:prf: true, webauthn:virtualAuthenticators: true}&#10;Session ID: 7737e72820d4968933efa01cd54d98f6" type="org.openqa.selenium.NoSuchElementException"><![CDATA[org.openqa.selenium.NoSuchElementException: 
no such element: Unable to locate element: {"method":"xpath","selector":"//a[@class='button load-more-button']"}
  (Session info: chrome=128.0.6613.121)
For documentation on this error, please visit: https://www.selenium.dev/documentation/webdriver/troubleshooting/errors#no-such-element-exception
Build info: version: '4.24.0', revision: '748ffc9bc3'
System info: os.name: 'Mac OS X', os.arch: 'aarch64', os.version: '14.6.1', java.version: '22'
Driver info: org.openqa.selenium.chrome.ChromeDriver
Command: [7737e72820d4968933efa01cd54d98f6, findElement {using=xpath, value=//a[@class='button load-more-button']}]
Capabilities {acceptInsecureCerts: false, browserName: chrome, browserVersion: 128.0.6613.121, chrome: {chromedriverVersion: 128.0.6613.137 (fe621c5aa2d..., userDataDir: /var/folders/5_/p3w22_x50fn...}, fedcm:accounts: true, goog:chromeOptions: {debuggerAddress: localhost:49673}, networkConnectionEnabled: false, pageLoadStrategy: normal, platformName: mac, proxy: Proxy(), se:cdp: ws://localhost:49673/devtoo..., se:cdpVersion: 128.0.6613.121, setWindowRect: true, strictFileInteractability: false, timeouts: {implicit: 0, pageLoad: 300000, script: 30000}, unhandledPromptBehavior: dismiss and notify, webauthn:extension:credBlob: true, webauthn:extension:largeBlob: true, webauthn:extension:minPinLength: true, webauthn:extension:prf: true, webauthn:virtualAuthenticators: true}
Session ID: 7737e72820d4968933efa01cd54d98f6
	at java.base/jdk.internal.reflect.DirectConstructorHandleAccessor.newInstance(DirectConstructorHandleAccessor.java:62)
	at java.base/java.lang.reflect.Constructor.newInstanceWithCaller(Constructor.java:502)
	at java.base/java.lang.reflect.Constructor.newInstance(Constructor.java:486)
	at org.openqa.selenium.remote.ErrorCodec.decode(ErrorCodec.java:167)
	at org.openqa.selenium.remote.codec.w3c.W3CHttpResponseCodec.decode(W3CHttpResponseCodec.java:138)
	at org.openqa.selenium.remote.codec.w3c.W3CHttpResponseCodec.decode(W3CHttpResponseCodec.java:50)
	at org.openqa.selenium.remote.HttpCommandExecutor.execute(HttpCommandExecutor.java:190)
	at org.openqa.selenium.remote.service.DriverCommandExecutor.invokeExecute(DriverCommandExecutor.java:216)
	at org.openqa.selenium.remote.service.DriverCommandExecutor.execute(DriverCommandExecutor.java:174)
	at org.openqa.selenium.remote.RemoteWebDriver.execute(RemoteWebDriver.java:545)
	at org.openqa.selenium.remote.ElementLocation$ElementFinder$2.findElement(ElementLocation.java:165)
	at org.openqa.selenium.remote.ElementLocation.findElement(ElementLocation.java:59)
	at org.openqa.selenium.remote.RemoteWebDriver.findElement(RemoteWebDriver.java:368)
	at org.openqa.selenium.remote.RemoteWebDriver.findElement(RemoteWebDriver.java:362)
	at org.openqa.selenium.support.pagefactory.DefaultElementLocator.findElement(DefaultElementLocator.java:68)
	at org.openqa.selenium.support.pagefactory.internal.LocatingElementHandler.invoke(LocatingElementHandler.java:38)
	at jdk.proxy2/jdk.proxy2.$Proxy25.isEnabled(Unknown Source)
	at pages.RecommendationResultPage.loadAllProductsandVerifyTotalCount(RecommendationResultPage.java:112)
	at stepDefinitions.ComparisonPageStepDefinitions.iCanContinueToLoadAnyAdditionalTariffsUntilAllTariffsHaveBeenDisplayed(ComparisonPageStepDefinitions.java:60)
	at ✽.I can continue to load any additional tariffs until all tariffs have been displayed(file:///Users/vaibhav/Documents/test/Verivox/VerivoxPrivathaftpflicht/src/test/resources/features/privathaftpflichtCalc.feature:34)
]]></failure>
    <system-out><![CDATA[
@Scenario2
Scenario Outline: Scenario-2 - Load multiple tariff result pages                                # src/test/resources/features/privathaftpflichtCalc.feature:37
Cookie consent accepted.
  Given that I can open verivox de                                                              # stepDefinitions.DSLCalcStepdefinitions.that_i_can_open_verivox_de()
Navigated to Versicherungen page.
  When I navigate to Versicherungen and select Privathaftpflicht                                # stepDefinitions.HomePageStepDefinitions.i_navigate_to_versicherungen_and_select_privathaftpflicht(java.lang.String,java.lang.String)
  And I enter my Age 30 and Family TypeSingle ohne Kinder                                       # stepDefinitions.DSLCalcStepdefinitions.i_enter_my_age_and_family_type_single_ohne_kinder(java.lang.String,java.lang.String)
Jetzt vergleichen
  Then I go to the Privathaftpflicht personal information page by clicking on Jetzt vergleichen # stepDefinitions.DSLCalcStepdefinitions.i_go_to_the_privathaftpflicht_personal_information_page(java.lang.String)
  And I enter my Date of Birth01.01.1990                                                        # stepDefinitions.DSLCalcStepdefinitions.i_enter_my_birth_date(java.lang.String)
  And I enter my Zip Code13088                                                                  # stepDefinitions.DSLCalcStepdefinitions.i_enter_my_zip_code_use(java.lang.String)
  And I click the Jetzt vergleichen Jetzt vergleichen                                           # stepDefinitions.DSLCalcStepdefinitions.i_click_the_jetzt_vergleichen_button(java.lang.String)
21
  And I should see a page that lists the available tariffs for my selection                     # stepDefinitions.ComparisonPageStepDefinitions.i_should_see_a_page_that_lists_the_available_tariffs_for_my_selection()
161 Tarife von 29,00 € bis 110,22 €
  And I should see the total number of available tariffs listed above all the result list       # stepDefinitions.ComparisonPageStepDefinitions.iShouldSeeTheTotalNumberOfAvailableTariffsListedAboveAllTheResultList()
  When I scroll to the end of the result list page                                              # stepDefinitions.ComparisonPageStepDefinitions.iScrollToTheEndOfTheResultListPage()
  Then I should see only the first 20 tariffs displayed                                         # stepDefinitions.ComparisonPageStepDefinitions.iShouldSeeOnlyTheFirstTariffsDisplayed(int)
  When I click on the button labeled 20 weitere Tarife laden                                    # stepDefinitions.ComparisonPageStepDefinitions.iClickOnTheButtonLabeledWeitereTarifeLaden(int)
60
  Then I should see the next 20 tariffs displayed                                               # stepDefinitions.ComparisonPageStepDefinitions.iShouldSeeTheNextTariffsDisplayed(int)
Actual Count =99
  And I can continue to load any additional tariffs until all tariffs have been displayed       # stepDefinitions.ComparisonPageStepDefinitions.iCanContinueToLoadAnyAdditionalTariffsUntilAllTariffsHaveBeenDisplayed()
      org.openqa.selenium.NoSuchElementException: no such element: Unable to locate element: {"method":"xpath","selector":"//a[@class='button load-more-button']"}
  (Session info: chrome=128.0.6613.121)
For documentation on this error, please visit: https://www.selenium.dev/documentation/webdriver/troubleshooting/errors#no-such-element-exception
Build info: version: '4.24.0', revision: '748ffc9bc3'
System info: os.name: 'Mac OS X', os.arch: 'aarch64', os.version: '14.6.1', java.version: '22'
Driver info: org.openqa.selenium.chrome.ChromeDriver
Command: [7737e72820d4968933efa01cd54d98f6, findElement {using=xpath, value=//a[@class='button load-more-button']}]
Capabilities {acceptInsecureCerts: false, browserName: chrome, browserVersion: 128.0.6613.121, chrome: {chromedriverVersion: 128.0.6613.137 (fe621c5aa2d..., userDataDir: /var/folders/5_/p3w22_x50fn...}, fedcm:accounts: true, goog:chromeOptions: {debuggerAddress: localhost:49673}, networkConnectionEnabled: false, pageLoadStrategy: normal, platformName: mac, proxy: Proxy(), se:cdp: ws://localhost:49673/devtoo..., se:cdpVersion: 128.0.6613.121, setWindowRect: true, strictFileInteractability: false, timeouts: {implicit: 0, pageLoad: 300000, script: 30000}, unhandledPromptBehavior: dismiss and notify, webauthn:extension:credBlob: true, webauthn:extension:largeBlob: true, webauthn:extension:minPinLength: true, webauthn:extension:prf: true, webauthn:virtualAuthenticators: true}
Session ID: 7737e72820d4968933efa01cd54d98f6
	at java.base/jdk.internal.reflect.DirectConstructorHandleAccessor.newInstance(DirectConstructorHandleAccessor.java:62)
	at java.base/java.lang.reflect.Constructor.newInstanceWithCaller(Constructor.java:502)
	at java.base/java.lang.reflect.Constructor.newInstance(Constructor.java:486)
	at org.openqa.selenium.remote.ErrorCodec.decode(ErrorCodec.java:167)
	at org.openqa.selenium.remote.codec.w3c.W3CHttpResponseCodec.decode(W3CHttpResponseCodec.java:138)
	at org.openqa.selenium.remote.codec.w3c.W3CHttpResponseCodec.decode(W3CHttpResponseCodec.java:50)
	at org.openqa.selenium.remote.HttpCommandExecutor.execute(HttpCommandExecutor.java:190)
	at org.openqa.selenium.remote.service.DriverCommandExecutor.invokeExecute(DriverCommandExecutor.java:216)
	at org.openqa.selenium.remote.service.DriverCommandExecutor.execute(DriverCommandExecutor.java:174)
	at org.openqa.selenium.remote.RemoteWebDriver.execute(RemoteWebDriver.java:545)
	at org.openqa.selenium.remote.ElementLocation$ElementFinder$2.findElement(ElementLocation.java:165)
	at org.openqa.selenium.remote.ElementLocation.findElement(ElementLocation.java:59)
	at org.openqa.selenium.remote.RemoteWebDriver.findElement(RemoteWebDriver.java:368)
	at org.openqa.selenium.remote.RemoteWebDriver.findElement(RemoteWebDriver.java:362)
	at org.openqa.selenium.support.pagefactory.DefaultElementLocator.findElement(DefaultElementLocator.java:68)
	at org.openqa.selenium.support.pagefactory.internal.LocatingElementHandler.invoke(LocatingElementHandler.java:38)
	at jdk.proxy2/jdk.proxy2.$Proxy25.isEnabled(Unknown Source)
	at pages.RecommendationResultPage.loadAllProductsandVerifyTotalCount(RecommendationResultPage.java:112)
	at stepDefinitions.ComparisonPageStepDefinitions.iCanContinueToLoadAnyAdditionalTariffsUntilAllTariffsHaveBeenDisplayed(ComparisonPageStepDefinitions.java:60)
	at ✽.I can continue to load any additional tariffs until all tariffs have been displayed(file:///Users/vaibhav/Documents/test/Verivox/VerivoxPrivathaftpflicht/src/test/resources/features/privathaftpflichtCalc.feature:34)


    Embedding image [image/png 402707 bytes]

]]></system-out>
  </testcase>
</testsuite>